Arguments: 
  C:\Program Files\nodejs\node.exe C:\Program Files (x86)\Yarn\bin\yarn.js start

PATH: 
  C:\Program Files (x86)\Common Files\Intel\Shared Files\cpp\bin\Intel64;C:\Program Files (x86)\Common Files\Oracle\Java\javapath;C:\Windows\system32;C:\Windows;C:\Windows\System32\Wbem;C:\Windows\System32\WindowsPowerShell\v1.0\;C:\Program Files\WIDCOMM\Bluetooth Software\;C:\Program Files\WIDCOMM\Bluetooth Software\syswow64;C:\Program Files (x86)\Yarn\bin\;C:\Program Files\Git\cmd;C:\Program Files\Microsoft VS Code\bin;C:\Program Files\nodejs\;C:\Program Files\Microsoft VS Code\bin;C:\Users\NNA-PC\AppData\Local\Yarn\bin;C:\Users\YOUR_USERNAME\AppData\Local\Android\Sdk\platform-tools;C:\Users\NNA-PC\AppData\Roaming\npm

Yarn version: 
  1.5.1

Node version: 
  12.13.0

Platform: 
  win32 x64

npm manifest: 
  {
      "name": "client",
      "version": "0.1.0",
      "private": true,
      "dependencies": {
          "@ckeditor/ckeditor5-build-classic": "^15.0.0",
          "@ckeditor/ckeditor5-react": "^1.1.3",
          "@material-ui/core": "^4.4.1",
          "@material-ui/icons": "^4.5.1",
          "axios": "^0.19.0",
          "history": "^4.10.1",
          "jwt-decode": "^2.2.0",
          "react": "^16.9.0",
          "react-circular-progressbar": "^2.0.3",
          "react-dom": "^16.9.0",
          "react-paystack": "^2.0.2",
          "react-redux": "^7.1.0",
          "react-responsive-modal": "^4.0.1",
          "react-router-config": "^5.0.1",
          "react-router-dom": "^5.0.1",
          "react-scripts": "3.1.1",
          "react-select": "^3.0.8",
          "react-share": "^3.0.1",
          "react-star-ratings": "^2.3.0",
          "redux": "^4.0.4",
          "redux-actions": "^2.6.5",
          "redux-persist": "^5.10.0",
          "redux-saga": "^1.1.1",
          "redux-thunk": "^2.3.0"
      },
      "engines": {
          "node": ">=10.16.0",
          "npm": ">=5.6.0"
      },
      "scripts": {
          "start": "react-scripts start",
          "build": "react-scripts build",
          "test": "react-scripts test",
          "eject": "react-scripts eject"
      },
      "eslintConfig": {
          "extends": "react-app"
      },
      "browserslist": {
          "production": [
              ">0.2%",
              "not dead",
              "not op_mini all"
          ],
          "development": [
              "last 1 chrome version",
              "last 1 firefox version",
              "last 1 safari version"
          ]
      }
  }

yarn manifest: 
  No manifest

Lockfile: 
  No lockfile

Trace: 
  Error: Command failed.
  Exit code: 3221225786
  Command: C:\Windows\system32\cmd.exe
  Arguments: /d /s /c react-scripts start
  Directory: C:\node.js\ReactJS\jobs\Elta\Ajoo\chijioke
  Output:
  
      at ProcessTermError.MessageError (C:\Program Files (x86)\Yarn\lib\cli.js:186:110)
      at new ProcessTermError (C:\Program Files (x86)\Yarn\lib\cli.js:226:113)
      at ChildProcess.<anonymous> (C:\Program Files (x86)\Yarn\lib\cli.js:30281:17)
      at ChildProcess.emit (events.js:210:5)
      at maybeClose (internal/child_process.js:1021:16)
      at Process.ChildProcess._handle.onexit (internal/child_process.js:283:5)
